# Logfile created on 2014-01-18 23:42:43 +0000 by logger.rb/44203
I, [2014-01-18T23:42:43.026440 #1415]  INFO -- : 0:  timers (1.1.0) from /usr/local/lib/ruby/gems/2.1.0/specifications/timers-1.1.0.gemspec
I, [2014-01-18T23:42:43.026726 #1415]  INFO -- : 0:  celluloid (0.15.2) from /usr/local/lib/ruby/gems/2.1.0/specifications/celluloid-0.15.2.gemspec
I, [2014-01-18T23:42:43.026939 #1415]  INFO -- : 0:  coderay (1.1.0) from /usr/local/lib/ruby/gems/2.1.0/specifications/coderay-1.1.0.gemspec
I, [2014-01-18T23:42:43.027130 #1415]  INFO -- : 0:  diff-lcs (1.2.5) from /usr/local/lib/ruby/gems/2.1.0/specifications/diff-lcs-1.2.5.gemspec
I, [2014-01-18T23:42:43.027322 #1415]  INFO -- : 0:  ffi (1.9.3) from /usr/local/lib/ruby/gems/2.1.0/specifications/ffi-1.9.3.gemspec
I, [2014-01-18T23:42:43.027512 #1415]  INFO -- : 0:  formatador (0.2.4) from /usr/local/lib/ruby/gems/2.1.0/specifications/formatador-0.2.4.gemspec
I, [2014-01-18T23:42:43.027704 #1415]  INFO -- : 0:  rb-fsevent (0.9.4) from /usr/local/lib/ruby/gems/2.1.0/specifications/rb-fsevent-0.9.4.gemspec
I, [2014-01-18T23:42:43.027906 #1415]  INFO -- : 0:  rb-inotify (0.9.3) from /usr/local/lib/ruby/gems/2.1.0/specifications/rb-inotify-0.9.3.gemspec
I, [2014-01-18T23:42:43.028088 #1415]  INFO -- : 0:  listen (2.4.0) from /usr/local/lib/ruby/gems/2.1.0/specifications/listen-2.4.0.gemspec
I, [2014-01-18T23:42:43.028273 #1415]  INFO -- : 0:  lumberjack (1.0.4) from /usr/local/lib/ruby/gems/2.1.0/specifications/lumberjack-1.0.4.gemspec
I, [2014-01-18T23:42:43.028470 #1415]  INFO -- : 0:  method_source (0.8.2) from /usr/local/lib/ruby/gems/2.1.0/specifications/method_source-0.8.2.gemspec
I, [2014-01-18T23:42:43.028657 #1415]  INFO -- : 0:  slop (3.4.7) from /usr/local/lib/ruby/gems/2.1.0/specifications/slop-3.4.7.gemspec
I, [2014-01-18T23:42:43.028850 #1415]  INFO -- : 0:  pry (0.9.12.4) from /usr/local/lib/ruby/gems/2.1.0/specifications/pry-0.9.12.4.gemspec
I, [2014-01-18T23:42:43.029087 #1415]  INFO -- : 0:  thor (0.18.1) from /usr/local/lib/ruby/gems/2.1.0/specifications/thor-0.18.1.gemspec
I, [2014-01-18T23:42:52.999134 #1415]  INFO -- : 0:  guard (2.3.0) from /usr/local/lib/ruby/gems/2.1.0/specifications/guard-2.3.0.gemspec
I, [2014-01-18T23:42:53.002240 #1415]  INFO -- : 0:  rspec-core (2.14.7) from /usr/local/lib/ruby/gems/2.1.0/specifications/rspec-core-2.14.7.gemspec
I, [2014-01-18T23:42:53.002537 #1415]  INFO -- : 0:  rspec-expectations (2.14.4) from /usr/local/lib/ruby/gems/2.1.0/specifications/rspec-expectations-2.14.4.gemspec
I, [2014-01-18T23:42:53.002804 #1415]  INFO -- : 0:  rspec-mocks (2.14.4) from /usr/local/lib/ruby/gems/2.1.0/specifications/rspec-mocks-2.14.4.gemspec
I, [2014-01-18T23:42:53.003066 #1415]  INFO -- : 0:  rspec (2.14.1) from /usr/local/lib/ruby/gems/2.1.0/specifications/rspec-2.14.1.gemspec
I, [2014-01-18T23:42:53.003307 #1415]  INFO -- : 0:  guard-rspec (4.2.4) from /usr/local/lib/ruby/gems/2.1.0/specifications/guard-rspec-4.2.4.gemspec
I, [2014-01-18T23:42:53.003481 #1415]  INFO -- : 0:  bundler (1.5.1) from /usr/local/lib/ruby/gems/2.1.0/specifications/bundler-1.5.1.gemspec
I, [2014-01-19T14:07:15.252126 #28933]  INFO -- : 0:  columnize (0.3.6) from /usr/local/lib/ruby/gems/2.1.0/specifications/columnize-0.3.6.gemspec
I, [2014-01-19T14:07:16.531128 #28933]  INFO -- : 0:  debugger-linecache (1.2.0) from /usr/local/lib/ruby/gems/2.1.0/specifications/debugger-linecache-1.2.0.gemspec
I, [2014-01-19T14:07:18.973397 #28933]  INFO -- : 0:  byebug (2.5.0) from /usr/local/lib/ruby/gems/2.1.0/specifications/byebug-2.5.0.gemspec
I, [2014-01-19T14:07:18.974290 #28933]  INFO -- : 0:  timers (1.1.0) from /usr/local/lib/ruby/gems/2.1.0/specifications/timers-1.1.0.gemspec
I, [2014-01-19T14:07:18.974797 #28933]  INFO -- : 0:  celluloid (0.15.2) from /usr/local/lib/ruby/gems/2.1.0/specifications/celluloid-0.15.2.gemspec
I, [2014-01-19T14:07:18.975154 #28933]  INFO -- : 0:  coderay (1.1.0) from /usr/local/lib/ruby/gems/2.1.0/specifications/coderay-1.1.0.gemspec
I, [2014-01-19T14:07:18.975384 #28933]  INFO -- : 0:  diff-lcs (1.2.5) from /usr/local/lib/ruby/gems/2.1.0/specifications/diff-lcs-1.2.5.gemspec
I, [2014-01-19T14:07:18.975653 #28933]  INFO -- : 0:  ffi (1.9.3) from /usr/local/lib/ruby/gems/2.1.0/specifications/ffi-1.9.3.gemspec
I, [2014-01-19T14:07:18.975892 #28933]  INFO -- : 0:  formatador (0.2.4) from /usr/local/lib/ruby/gems/2.1.0/specifications/formatador-0.2.4.gemspec
I, [2014-01-19T14:07:18.976106 #28933]  INFO -- : 0:  rb-fsevent (0.9.4) from /usr/local/lib/ruby/gems/2.1.0/specifications/rb-fsevent-0.9.4.gemspec
I, [2014-01-19T14:07:18.976326 #28933]  INFO -- : 0:  rb-inotify (0.9.3) from /usr/local/lib/ruby/gems/2.1.0/specifications/rb-inotify-0.9.3.gemspec
I, [2014-01-19T14:07:18.976546 #28933]  INFO -- : 0:  listen (2.4.0) from /usr/local/lib/ruby/gems/2.1.0/specifications/listen-2.4.0.gemspec
I, [2014-01-19T14:07:18.976793 #28933]  INFO -- : 0:  lumberjack (1.0.4) from /usr/local/lib/ruby/gems/2.1.0/specifications/lumberjack-1.0.4.gemspec
I, [2014-01-19T14:07:18.977062 #28933]  INFO -- : 0:  method_source (0.8.2) from /usr/local/lib/ruby/gems/2.1.0/specifications/method_source-0.8.2.gemspec
I, [2014-01-19T14:07:18.977272 #28933]  INFO -- : 0:  slop (3.4.7) from /usr/local/lib/ruby/gems/2.1.0/specifications/slop-3.4.7.gemspec
I, [2014-01-19T14:07:18.977483 #28933]  INFO -- : 0:  pry (0.9.12.4) from /usr/local/lib/ruby/gems/2.1.0/specifications/pry-0.9.12.4.gemspec
I, [2014-01-19T14:07:18.977705 #28933]  INFO -- : 0:  thor (0.18.1) from /usr/local/lib/ruby/gems/2.1.0/specifications/thor-0.18.1.gemspec
I, [2014-01-19T14:07:18.977933 #28933]  INFO -- : 0:  guard (2.3.0) from /usr/local/lib/ruby/gems/2.1.0/specifications/guard-2.3.0.gemspec
I, [2014-01-19T14:07:18.978179 #28933]  INFO -- : 0:  rspec-core (2.14.7) from /usr/local/lib/ruby/gems/2.1.0/specifications/rspec-core-2.14.7.gemspec
I, [2014-01-19T14:07:18.978407 #28933]  INFO -- : 0:  rspec-expectations (2.14.4) from /usr/local/lib/ruby/gems/2.1.0/specifications/rspec-expectations-2.14.4.gemspec
I, [2014-01-19T14:07:18.978647 #28933]  INFO -- : 0:  rspec-mocks (2.14.4) from /usr/local/lib/ruby/gems/2.1.0/specifications/rspec-mocks-2.14.4.gemspec
I, [2014-01-19T14:07:18.978863 #28933]  INFO -- : 0:  rspec (2.14.1) from /usr/local/lib/ruby/gems/2.1.0/specifications/rspec-2.14.1.gemspec
I, [2014-01-19T14:07:18.979101 #28933]  INFO -- : 0:  guard-rspec (4.2.4) from /usr/local/lib/ruby/gems/2.1.0/specifications/guard-rspec-4.2.4.gemspec
I, [2014-01-19T14:07:20.060513 #28933]  INFO -- : 0:  pry-byebug (1.2.1) from /usr/local/lib/ruby/gems/2.1.0/specifications/pry-byebug-1.2.1.gemspec
I, [2014-01-19T14:07:20.060801 #28933]  INFO -- : 0:  bundler (1.5.1) from /usr/local/lib/ruby/gems/2.1.0/specifications/bundler-1.5.1.gemspec
I, [2014-01-19T14:07:52.872321 #30657]  INFO -- : 0:  columnize (0.3.6) from /usr/local/lib/ruby/gems/2.1.0/specifications/columnize-0.3.6.gemspec
I, [2014-01-19T14:07:52.872579 #30657]  INFO -- : 0:  debugger-linecache (1.2.0) from /usr/local/lib/ruby/gems/2.1.0/specifications/debugger-linecache-1.2.0.gemspec
I, [2014-01-19T14:07:52.872776 #30657]  INFO -- : 0:  byebug (2.5.0) from /usr/local/lib/ruby/gems/2.1.0/specifications/byebug-2.5.0.gemspec
I, [2014-01-19T14:07:52.873017 #30657]  INFO -- : 0:  timers (1.1.0) from /usr/local/lib/ruby/gems/2.1.0/specifications/timers-1.1.0.gemspec
I, [2014-01-19T14:07:52.873216 #30657]  INFO -- : 0:  celluloid (0.15.2) from /usr/local/lib/ruby/gems/2.1.0/specifications/celluloid-0.15.2.gemspec
I, [2014-01-19T14:07:52.873401 #30657]  INFO -- : 0:  coderay (1.1.0) from /usr/local/lib/ruby/gems/2.1.0/specifications/coderay-1.1.0.gemspec
I, [2014-01-19T14:07:52.873591 #30657]  INFO -- : 0:  diff-lcs (1.2.5) from /usr/local/lib/ruby/gems/2.1.0/specifications/diff-lcs-1.2.5.gemspec
I, [2014-01-19T14:07:52.873783 #30657]  INFO -- : 0:  ffi (1.9.3) from /usr/local/lib/ruby/gems/2.1.0/specifications/ffi-1.9.3.gemspec
I, [2014-01-19T14:07:52.873964 #30657]  INFO -- : 0:  formatador (0.2.4) from /usr/local/lib/ruby/gems/2.1.0/specifications/formatador-0.2.4.gemspec
I, [2014-01-19T14:07:52.874157 #30657]  INFO -- : 0:  rb-fsevent (0.9.4) from /usr/local/lib/ruby/gems/2.1.0/specifications/rb-fsevent-0.9.4.gemspec
I, [2014-01-19T14:07:52.874355 #30657]  INFO -- : 0:  rb-inotify (0.9.3) from /usr/local/lib/ruby/gems/2.1.0/specifications/rb-inotify-0.9.3.gemspec
I, [2014-01-19T14:07:52.874538 #30657]  INFO -- : 0:  listen (2.4.0) from /usr/local/lib/ruby/gems/2.1.0/specifications/listen-2.4.0.gemspec
I, [2014-01-19T14:07:52.874714 #30657]  INFO -- : 0:  lumberjack (1.0.4) from /usr/local/lib/ruby/gems/2.1.0/specifications/lumberjack-1.0.4.gemspec
I, [2014-01-19T14:07:52.874901 #30657]  INFO -- : 0:  method_source (0.8.2) from /usr/local/lib/ruby/gems/2.1.0/specifications/method_source-0.8.2.gemspec
I, [2014-01-19T14:07:52.875092 #30657]  INFO -- : 0:  slop (3.4.7) from /usr/local/lib/ruby/gems/2.1.0/specifications/slop-3.4.7.gemspec
I, [2014-01-19T14:07:52.875275 #30657]  INFO -- : 0:  pry (0.9.12.4) from /usr/local/lib/ruby/gems/2.1.0/specifications/pry-0.9.12.4.gemspec
I, [2014-01-19T14:07:52.875453 #30657]  INFO -- : 0:  thor (0.18.1) from /usr/local/lib/ruby/gems/2.1.0/specifications/thor-0.18.1.gemspec
I, [2014-01-19T14:07:52.875646 #30657]  INFO -- : 0:  guard (2.3.0) from /usr/local/lib/ruby/gems/2.1.0/specifications/guard-2.3.0.gemspec
I, [2014-01-19T14:07:52.875829 #30657]  INFO -- : 0:  rspec-core (2.14.7) from /usr/local/lib/ruby/gems/2.1.0/specifications/rspec-core-2.14.7.gemspec
I, [2014-01-19T14:07:52.876011 #30657]  INFO -- : 0:  rspec-expectations (2.14.4) from /usr/local/lib/ruby/gems/2.1.0/specifications/rspec-expectations-2.14.4.gemspec
I, [2014-01-19T14:07:52.876203 #30657]  INFO -- : 0:  rspec-mocks (2.14.4) from /usr/local/lib/ruby/gems/2.1.0/specifications/rspec-mocks-2.14.4.gemspec
I, [2014-01-19T14:07:52.876384 #30657]  INFO -- : 0:  rspec (2.14.1) from /usr/local/lib/ruby/gems/2.1.0/specifications/rspec-2.14.1.gemspec
I, [2014-01-19T14:07:52.876562 #30657]  INFO -- : 0:  guard-rspec (4.2.4) from /usr/local/lib/ruby/gems/2.1.0/specifications/guard-rspec-4.2.4.gemspec
I, [2014-01-19T14:07:52.876759 #30657]  INFO -- : 0:  pry-byebug (1.2.1) from /usr/local/lib/ruby/gems/2.1.0/specifications/pry-byebug-1.2.1.gemspec
I, [2014-01-19T14:07:52.876935 #30657]  INFO -- : 0:  bundler (1.5.1) from /usr/local/lib/ruby/gems/2.1.0/specifications/bundler-1.5.1.gemspec
I, [2014-01-19T14:15:28.051837 #14756]  INFO -- : 0:  columnize (0.3.6) from /usr/local/lib/ruby/gems/2.1.0/specifications/columnize-0.3.6.gemspec
I, [2014-01-19T14:15:28.052107 #14756]  INFO -- : 0:  debugger-linecache (1.2.0) from /usr/local/lib/ruby/gems/2.1.0/specifications/debugger-linecache-1.2.0.gemspec
I, [2014-01-19T14:15:28.052308 #14756]  INFO -- : 0:  byebug (2.5.0) from /usr/local/lib/ruby/gems/2.1.0/specifications/byebug-2.5.0.gemspec
I, [2014-01-19T14:15:28.052491 #14756]  INFO -- : 0:  timers (1.1.0) from /usr/local/lib/ruby/gems/2.1.0/specifications/timers-1.1.0.gemspec
I, [2014-01-19T14:15:28.052667 #14756]  INFO -- : 0:  celluloid (0.15.2) from /usr/local/lib/ruby/gems/2.1.0/specifications/celluloid-0.15.2.gemspec
I, [2014-01-19T14:15:28.052864 #14756]  INFO -- : 0:  coderay (1.1.0) from /usr/local/lib/ruby/gems/2.1.0/specifications/coderay-1.1.0.gemspec
I, [2014-01-19T14:15:28.053088 #14756]  INFO -- : 0:  diff-lcs (1.2.5) from /usr/local/lib/ruby/gems/2.1.0/specifications/diff-lcs-1.2.5.gemspec
I, [2014-01-19T14:15:28.053270 #14756]  INFO -- : 0:  ffi (1.9.3) from /usr/local/lib/ruby/gems/2.1.0/specifications/ffi-1.9.3.gemspec
I, [2014-01-19T14:15:28.053451 #14756]  INFO -- : 0:  formatador (0.2.4) from /usr/local/lib/ruby/gems/2.1.0/specifications/formatador-0.2.4.gemspec
I, [2014-01-19T14:15:28.053643 #14756]  INFO -- : 0:  rb-fsevent (0.9.4) from /usr/local/lib/ruby/gems/2.1.0/specifications/rb-fsevent-0.9.4.gemspec
I, [2014-01-19T14:15:28.053823 #14756]  INFO -- : 0:  rb-inotify (0.9.3) from /usr/local/lib/ruby/gems/2.1.0/specifications/rb-inotify-0.9.3.gemspec
I, [2014-01-19T14:15:28.054007 #14756]  INFO -- : 0:  listen (2.4.0) from /usr/local/lib/ruby/gems/2.1.0/specifications/listen-2.4.0.gemspec
I, [2014-01-19T14:15:28.054188 #14756]  INFO -- : 0:  lumberjack (1.0.4) from /usr/local/lib/ruby/gems/2.1.0/specifications/lumberjack-1.0.4.gemspec
I, [2014-01-19T14:15:28.054381 #14756]  INFO -- : 0:  method_source (0.8.2) from /usr/local/lib/ruby/gems/2.1.0/specifications/method_source-0.8.2.gemspec
I, [2014-01-19T14:15:28.054553 #14756]  INFO -- : 0:  slop (3.4.7) from /usr/local/lib/ruby/gems/2.1.0/specifications/slop-3.4.7.gemspec
I, [2014-01-19T14:15:28.054740 #14756]  INFO -- : 0:  pry (0.9.12.4) from /usr/local/lib/ruby/gems/2.1.0/specifications/pry-0.9.12.4.gemspec
I, [2014-01-19T14:15:28.054911 #14756]  INFO -- : 0:  thor (0.18.1) from /usr/local/lib/ruby/gems/2.1.0/specifications/thor-0.18.1.gemspec
I, [2014-01-19T14:15:28.055108 #14756]  INFO -- : 0:  guard (2.3.0) from /usr/local/lib/ruby/gems/2.1.0/specifications/guard-2.3.0.gemspec
I, [2014-01-19T14:15:28.055283 #14756]  INFO -- : 0:  rspec-core (2.14.7) from /usr/local/lib/ruby/gems/2.1.0/specifications/rspec-core-2.14.7.gemspec
I, [2014-01-19T14:15:28.055474 #14756]  INFO -- : 0:  rspec-expectations (2.14.4) from /usr/local/lib/ruby/gems/2.1.0/specifications/rspec-expectations-2.14.4.gemspec
I, [2014-01-19T14:15:28.055659 #14756]  INFO -- : 0:  rspec-mocks (2.14.4) from /usr/local/lib/ruby/gems/2.1.0/specifications/rspec-mocks-2.14.4.gemspec
I, [2014-01-19T14:15:28.055834 #14756]  INFO -- : 0:  rspec (2.14.1) from /usr/local/lib/ruby/gems/2.1.0/specifications/rspec-2.14.1.gemspec
I, [2014-01-19T14:15:28.056025 #14756]  INFO -- : 0:  guard-rspec (4.2.4) from /usr/local/lib/ruby/gems/2.1.0/specifications/guard-rspec-4.2.4.gemspec
I, [2014-01-19T14:15:28.056201 #14756]  INFO -- : 0:  pry-byebug (1.2.1) from /usr/local/lib/ruby/gems/2.1.0/specifications/pry-byebug-1.2.1.gemspec
I, [2014-01-19T14:15:28.056360 #14756]  INFO -- : 0:  bundler (1.5.1) from /usr/local/lib/ruby/gems/2.1.0/specifications/bundler-1.5.1.gemspec
